\BOOKMARK [1][-]{section*.1}{\376\377\000I\000n\000t\000r\000o\000d\000u\000c\000t\000i\000o\000n}{}% 1
\BOOKMARK [2][-]{subsection*.2}{\376\377\000A\000p\000p\000l\000i\000c\000a\000t\000i\000o\000n\000s}{section*.1}% 2
\BOOKMARK [2][-]{subsection*.3}{\376\377\000R\000o\000a\000d\000m\000a\000p}{section*.1}% 3
\BOOKMARK [1][-]{section*.4}{\376\377\000T\000h\000e\000o\000r\000y\000\040\000a\000n\000d\000\040\000A\000l\000g\000o\000r\000i\000t\000h\000m\000s}{}% 4
\BOOKMARK [2][-]{subsection*.5}{\376\377\000O\000v\000e\000r\000v\000i\000e\000w}{section*.4}% 5
\BOOKMARK [2][-]{subsection*.12}{\376\377\000V\000e\000c\000t\000o\000r\000\040\000S\000p\000a\000c\000e\000\040\000B\000a\000s\000e\000s\000,\000\040\000I\000r\000r\000e\000d\000u\000c\000i\000b\000l\000e\000\040\000O\000u\000t\000p\000u\000t\000s}{section*.4}% 6
\BOOKMARK [2][-]{subsection*.71}{\376\377\000V\000e\000c\000t\000o\000r\000\040\000S\000p\000a\000c\000e\000\040\000B\000a\000s\000e\000s\000,\000\040\000A\000r\000b\000i\000t\000r\000a\000r\000y\000\040\000O\000u\000t\000p\000u\000t\000s}{section*.4}% 7
\BOOKMARK [2][-]{subsection*.78}{\376\377\000M\000i\000n\000i\000m\000a\000l\000\040\000I\000n\000t\000e\000g\000r\000i\000t\000y\000\040\000B\000a\000s\000e\000s\000,\000\040\000I\000r\000r\000e\000d\000u\000c\000i\000b\000l\000e\000\040\000O\000u\000t\000p\000u\000t\000s}{section*.4}% 8
\BOOKMARK [2][-]{subsection*.96}{\376\377\000M\000i\000n\000i\000m\000a\000l\000\040\000I\000n\000t\000e\000g\000r\000i\000t\000y\000\040\000B\000a\000s\000e\000s\000,\000\040\000A\000r\000b\000i\000t\000r\000a\000r\000y\000\040\000O\000u\000t\000p\000u\000t\000s}{section*.4}% 9
\BOOKMARK [1][-]{section*.108}{\376\377\000E\000x\000a\000m\000p\000l\000e\000s}{}% 10
\BOOKMARK [2][-]{subsection*.109}{\376\377\000S\000O\000\050\0002\000\051}{section*.108}% 11
\BOOKMARK [2][-]{subsection*.114}{\376\377\000O\000\050\0002\000\051}{section*.108}% 12
\BOOKMARK [2][-]{subsection*.123}{\376\377\000S\000O\000\050\0003\000\051}{section*.108}% 13
\BOOKMARK [2][-]{subsection*.129}{\376\377\000O\000\050\0003\000\051}{section*.108}% 14
\BOOKMARK [2][-]{subsection*.130}{\376\377\000S\000O\000+\000\050\0003\000,\0001\000\051\000\040\000a\000n\000d\000\040\000S\000p\000i\000n\000+\000\050\0003\000,\0001\000\051}{section*.108}% 15
\BOOKMARK [2][-]{subsection*.131}{\376\377\000S\000\137\000n}{section*.108}% 16
\BOOKMARK [1][-]{section*.132}{\376\377\000C\000o\000n\000c\000l\000u\000s\000i\000o\000n}{}% 17
\BOOKMARK [1][-]{section*.134}{\376\377\000P\000r\000o\000o\000f\000s}{}% 18
\BOOKMARK [2][-]{subsection*.135}{\376\377\000P\000r\000e\000l\000i\000m\000i\000n\000a\000r\000y\000\040\000r\000e\000s\000u\000l\000t\000s}{section*.134}% 19
\BOOKMARK [2][-]{subsection*.142}{\376\377\000P\000r\000o\000o\000f\000\040\000o\000f\000\040\000T\000h\000e\000o\000r\000e\000m\000\040\0002\000.\0001}{section*.134}% 20
\BOOKMARK [2][-]{subsection*.143}{\376\377\000P\000r\000o\000o\000f\000\040\000o\000f\000\040\000T\000h\000e\000o\000r\000e\000m\000\040\0002\000.\0004}{section*.134}% 21
\BOOKMARK [2][-]{subsection*.144}{\376\377\000P\000r\000o\000o\000f\000\040\000o\000f\000\040\000C\000o\000r\000o\000l\000l\000a\000r\000y\000\040\0002\000.\0005}{section*.134}% 22
\BOOKMARK [1][-]{section*.145}{\376\377\000I\000m\000p\000l\000e\000m\000e\000n\000t\000a\000t\000i\000o\000n\000\040\000d\000e\000t\000a\000i\000l\000s}{}% 23
\BOOKMARK [2][-]{subsection*.146}{\376\377\000E\000v\000a\000l\000u\000a\000t\000i\000o\000n\000\040\000a\000n\000d\000\040\000r\000a\000n\000k\000\040\000e\000x\000t\000r\000a\000c\000t\000i\000o\000n}{section*.145}% 24
\BOOKMARK [2][-]{subsection*.148}{\376\377\000S\000O\000\050\0003\000\051\000\040\000b\000a\000c\000k\000e\000n\000d\000\040\000s\000h\000o\000r\000t\000c\000u\000t\000s}{section*.145}% 25
